Arguments: 
  /home/robertlong/.nvm/versions/node/v16.8.0/bin/node /home/robertlong/.nvm/versions/node/v16.8.0/bin/yarn add gh-pages

PATH: 
  /home/robertlong/.deno/bin:/home/robertlong/.nvm/versions/node/v16.8.0/bin:/home/robertlong/.cargo/bin:/home/robertlong/.local/bin:/usr/local/sbin:/usr/local/bin:/usr/sbin:/usr/bin:/sbin:/bin:/usr/games:/usr/local/games:/snap/bin

Yarn version: 
  1.22.11

Node version: 
  16.8.0

Platform: 
  linux x64

Trace: 
  Error: https://registry.yarnpkg.com/@thirdroom%2fcore: Not found
      at Request.params.callback [as _callback] (/home/robertlong/.nvm/versions/node/v16.8.0/lib/node_modules/yarn/lib/cli.js:66992:18)
      at Request.self.callback (/home/robertlong/.nvm/versions/node/v16.8.0/lib/node_modules/yarn/lib/cli.js:140763:22)
      at Request.emit (node:events:394:28)
      at Request.<anonymous> (/home/robertlong/.nvm/versions/node/v16.8.0/lib/node_modules/yarn/lib/cli.js:141735:10)
      at Request.emit (node:events:394:28)
      at IncomingMessage.<anonymous> (/home/robertlong/.nvm/versions/node/v16.8.0/lib/node_modules/yarn/lib/cli.js:141657:12)
      at Object.onceWrapper (node:events:513:28)
      at IncomingMessage.emit (node:events:406:35)
      at endReadableNT (node:internal/streams/readable:1343:12)
      at processTicksAndRejections (node:internal/process/task_queues:83:21)

npm manifest: 
  {
    "name": "thirdroom.io",
    "private": true,
    "version": "0.0.1",
    "author": {
      "name": "Third Room",
      "url": "https://thirdroom.io"
    },
    "license": "MPL-2.0",
    "scripts": {
      "dev": "vite",
      "build": "tsc && vite build",
      "serve": "vite preview"
    },
    "dependencies": {
      "@dimforge/rapier3d-compat": "^0.7.6",
      "@robertlong/matrix-js-sdk": "^12.5.0-dev5",
      "@thirdroom/core": "^0.0.1",
      "bitecs": "^0.3.21-4a",
      "buffer": "^6.0.3",
      "classnames": "^2.3.1",
      "downshift": "^6.1.7",
      "events": "^3.3.0",
      "gl-matrix": "^3.3.0",
      "react": "^17.0.2",
      "react-dom": "^17.0.2",
      "react-hook-form": "^7.15.4",
      "react-router-dom": "^5.3.0",
      "three": "^0.132.2"
    },
    "devDependencies": {
      "@vitejs/plugin-react-refresh": "^1.3.6",
      "vite": "^2.5.10",
      "vite-tsconfig-paths": "^3.3.14"
    }
  }

yarn manifest: 
  No manifest

Lockfile: 
  No lockfile
